<?xml version="1.0" encoding="UTF-8"?>
<!-- Generated by org.testng.reporters.JUnitReportReporter -->
<testsuite hostname="admin" failures="0" tests="3" name="com.parallelDemo.ClassB" time="15.174" errors="0" timestamp="2022-05-25T19:05:50 IST" skipped="0">
  <testcase classname="com.parallelDemo.ClassB" name="testcase2" time="7.326"/>
  <system-out/>
  <testcase classname="com.parallelDemo.ClassB" name="testcase3" time="2.043"/>
  <system-out/>
  <testcase classname="com.parallelDemo.ClassB" name="testcase1" time="5.805"/>
  <system-out/>
</testsuite> <!-- com.parallelDemo.ClassB -->
