<?xml version="1.0" encoding="UTF-8"?>
<!-- Generated by org.testng.reporters.JUnitReportReporter -->
<testsuite hostname="admin" failures="0" tests="4" name="com.pages.TestClass" time="7.950" errors="0" timestamp="2022-05-25T23:14:48 IST" skipped="0">
  <testcase classname="com.pages.TestClass" name="setup" time="7.944"/>
  <system-out/>
  <testcase classname="com.pages.TestClass" name="setup1" time="0.001"/>
  <system-out/>
  <testcase classname="com.pages.TestClass" name="setup1" time="0.001"/>
  <system-out/>
  <testcase classname="com.pages.TestClass" name="setup3" time="0.004"/>
  <system-out/>
</testsuite> <!-- com.pages.TestClass -->
