<?xml version="1.0" encoding="UTF-8"?>
<!-- Generated by org.testng.reporters.JUnitReportReporter -->
<testsuite hostname="admin" failures="0" tests="3" name="com.parallelDemo.ClassA" time="14.252" errors="0" timestamp="2022-05-25T19:05:50 IST" skipped="0">
  <testcase classname="com.parallelDemo.ClassA" name="testcase3" time="2.347"/>
  <system-out/>
  <testcase classname="com.parallelDemo.ClassA" name="testcase1" time="5.855"/>
  <system-out/>
  <testcase classname="com.parallelDemo.ClassA" name="testcase2" time="6.050"/>
  <system-out/>
</testsuite> <!-- com.parallelDemo.ClassA -->
